<?xml version="1.0" encoding="UTF-8"?>
<!-- Generated by org.testng.reporters.JUnitXMLReporter -->
<testsuite hostname="DESKTOP-DBK2ROO" ignored="0" name="Default test" tests="6" failures="0" timestamp="21 Sep 2018 00:05:34 GMT" time="0.031" errors="0">
  <testcase name="newJugador" time="0.0" classname="Entidades.TestJugador"/>
  <testcase name="setDNI" time="0.0" classname="Entidades.TestJugador"/>
  <testcase name="setNombre" time="0.0" classname="Entidades.TestJugador"/>
  <testcase name="setNombreConDP" time="0.0" classname="Entidades.TestJugador"/>
  <testcase name="setNombreConDP" time="0.0" classname="Entidades.TestJugador"/>
  <testcase name="setNombreConDP" time="0.0" classname="Entidades.TestJugador"/>
</testsuite> <!-- Default test -->
